G:\mega_sync\7. semestr\Ocelové mosty 1\úkoly\\U+0158ezy_moje.dwg,Model,11/26/2017 7:50:09 PM,janvo,PublishToWeb PNG.pc3,VGA (640.00 x 480.00 Pixels),1:2.09313,
G:\mega_sync\7. semestr\Ocelové mosty 1\úkoly\\U+0158ezy_moje.dwg,Model,11/26/2017 7:51:47 PM,janvo,PublishToWeb PNG.pc3,XGA Hi-Res (1600.00 x 1200.00 Pixels),1:0.816079,
G:\mega_sync\7. semestr\Ocelové mosty 1\úkoly\\U+0158ezy_moje.dwg,Model,11/26/2017 7:52:48 PM,janvo,PublishToWeb PNG.pc3,XGA Hi-Res (1600.00 x 1200.00 Pixels),1:0.887665,
G:\mega_sync\7. semestr\Ocelové mosty 1\úkoly\\U+0158ezy_moje.dwg,Model,11/26/2017 7:53:55 PM,janvo,PublishToWeb PNG.pc3,Sun Hi-Res (1600.00 x 1280.00 Pixels),1:0.832186,
G:\mega_sync\7. semestr\Ocelové mosty 1\úkoly\\U+0158ezy_moje.dwg,Model,11/26/2017 7:54:24 PM,janvo,PublishToWeb PNG.pc3,Sun Hi-Res (1600.00 x 1280.00 Pixels),1:0.832186,
G:\mega_sync\7. semestr\Ocelové mosty 1\úkoly\\U+0158ezy_moje.dwg,Model,11/26/2017 7:55:54 PM,janvo,PublishToWeb PNG.pc3,Sun Hi-Res (1600.00 x 1280.00 Pixels),1:0.832186,
G:\mega_sync\papers\bakalá\U+0159ská práce\obrazky\obrazky_moje.dwg,Model,11/26/2017 8:09:36 PM,janvo,PublishToWeb PNG.pc3,PNG(7200.00 x 4800.00 Pixels),1:0.221916,
G:\mega_sync\papers\bakalá\U+0159ská práce\obrazky\obrazky_moje.dwg,Model,11/26/2017 8:11:07 PM,janvo,PublishToWeb PNG.pc3,PNG(7200.00 x 4800.00 Pixels),1:0.221916,
G:\mega_sync\papers\bakalá\U+0159ská práce\obrazky\obrazky_moje.dwg,Model,11/26/2017 8:13:59 PM,janvo,PublishToWeb PNG.pc3,User 1 (3600.00 x 2400.00 Pixels),1:0.443832,
C:\Users\janvo\Documents\MEGAsync\papers\bachelor thesis\Bachelor-Thesis\obrazky\obrazky_moje.dwg,Model,03.05.2018 8:55:33,janvo,PublishToWeb PNG.pc3,XGA Hi-Res (1600.00 x 1200.00 Pixels),1:0.887665,
C:\Users\janvo\Documents\MEGAsync\papers\bachelor thesis\Bachelor-Thesis\obrazky\obrazky_moje.dwg,Model,03.05.2018 8:57:12,janvo,PublishToWeb PNG.pc3,XGA Hi-Res (1600.00 x 1200.00 Pixels),1:0.887665,
C:\Users\janvo\Documents\MEGAsync\papers\bachelor thesis\Bachelor-Thesis\obrazky\obrazky_moje.dwg,Model,03.05.2018 9:00:38,janvo,PublishToWeb PNG.pc3,User 1 (2600.00 x 1800.00 Pixels),1:0.591776,
C:\Users\janvo\Documents\MEGAsync\papers\bachelor thesis\Bachelor-Thesis\obrazky\obrazky_moje.dwg,Model,03.05.2018 9:04:16,janvo,PublishToWeb PNG.pc3,User 1 (3600.00 x 2400.00 Pixels),1:0.443832,
C:\Users\janvo\Documents\MEGAsync\papers\bachelor thesis\Bachelor-Thesis\obrazky\obrazky_moje.dwg,Model,18.05.2018 18:58:47,janvo,PublishToWeb PNG.pc3,User 1 (3600.00 x 2400.00 Pixels),1:0.281918,
C:\Users\janvo\Documents\MEGAsync\papers\bachelor thesis\Bachelor-Thesis\obrazky\obrazky_moje.dwg,Model,18.05.2018 19:00:32,janvo,PublishToWeb PNG.pc3,User 1 (3600.00 x 2400.00 Pixels),1:0.276811,
C:\Users\janvo\Documents\MEGAsync\papers\bachelor thesis\Bachelor-Thesis\obrazky\obrazky_moje.dwg,Model,18.05.2018 19:01:25,janvo,PublishToWeb PNG.pc3,User 1 (3600.00 x 2400.00 Pixels),1:0.27693,
C:\Users\janvo\Documents\MEGAsync\papers\bachelor thesis\Bachelor-Thesis\obrazky\obrazky_moje.dwg,Model,18.05.2018 19:02:58,janvo,PublishToWeb PNG.pc3,User 1 (3600.00 x 2400.00 Pixels),1:0.281918,
C:\Users\janvo\Documents\MEGAsync\papers\bachelor thesis\Bachelor-Thesis\obrazky\obrazky_moje.dwg,Model,18.05.2018 19:05:44,janvo,PublishToWeb PNG.pc3,User 1 (3600.00 x 2400.00 Pixels),1:0.281918,
C:\Users\janvo\Documents\MEGAsync\papers\bachelor thesis\Bachelor-Thesis\obrazky\obrazky_moje.dwg,Model,18.05.2018 19:06:23,janvo,PublishToWeb PNG.pc3,User 1 (3600.00 x 2400.00 Pixels),1:0.281918,
C:\Users\janvo\Documents\MEGAsync\papers\bachelor thesis\Bachelor-Thesis\obrazky\obrazky_moje.dwg,Model,18.05.2018 19:06:37,janvo,PublishToWeb PNG.pc3,User 1 (3600.00 x 2400.00 Pixels),1:0.281918,
C:\Users\janvo\Documents\MEGAsync\papers\bachelor thesis\Bachelor-Thesis\obrazky\obrazky_moje.dwg,Model,18.05.2018 19:10:39,janvo,PublishToWeb PNG.pc3,User 1 (3600.00 x 2400.00 Pixels),1:0.281918,
C:\Users\janvo\Documents\MEGAsync\papers\bachelor thesis\Bachelor-Thesis\obrazky\obrazky_moje.dwg,Model,18.05.2018 19:10:50,janvo,PublishToWeb PNG.pc3,User 1 (3600.00 x 2400.00 Pixels),1:0.281918,
C:\Users\janvo\Documents\MEGAsync\papers\bachelor thesis\Bachelor-Thesis\obrazky\obrazky_moje.dwg,Model,18.05.2018 19:11:11,janvo,PublishToWeb PNG.pc3,User 1 (3600.00 x 2400.00 Pixels),1:0.426963,
C:\Users\janvo\Documents\MEGAsync\papers\bachelor thesis\Bachelor-Thesis\obrazky\obrazky_moje.dwg,Model,18.05.2018 19:13:18,janvo,PublishToWeb PNG.pc3,User 1 (3600.00 x 2400.00 Pixels),1:0.459146,
C:\Users\janvo\Documents\MEGAsync\papers\bachelor thesis\Bachelor-Thesis\obrazky\obrazky_moje.dwg,Model,18.05.2018 19:15:30,janvo,PublishToWeb PNG.pc3,User 1 (3600.00 x 2400.00 Pixels),1:0.428898,
C:\Users\janvo\Documents\MEGAsync\papers\bachelor thesis\Bachelor-Thesis\obrazky\obrazky_moje.dwg,Model,18.05.2018 19:15:57,janvo,PublishToWeb PNG.pc3,User 1 (3600.00 x 2400.00 Pixels),1:0.281918,
C:\Users\janvo\Documents\MEGAsync\papers\bachelor thesis\Bachelor-Thesis\obrazky\obrazky_moje.dwg,Model,18.05.2018 19:16:12,janvo,PublishToWeb PNG.pc3,User 1 (3600.00 x 2400.00 Pixels),1:0.281918,
C:\Users\janvo\Documents\MEGAsync\papers\bachelor thesis\Bachelor-Thesis\obrazky\obrazky_moje.dwg,Model,18.05.2018 19:17:12,janvo,PublishToWeb PNG.pc3,User 1 (3600.00 x 2400.00 Pixels),1:0.281918,
C:\Users\janvo\Documents\MEGAsync\papers\bachelor thesis\Bachelor-Thesis\obrazky\obrazky_moje.dwg,Model,18.05.2018 19:34:01,janvo,PublishToWeb PNG.pc3,User 1 (3600.00 x 2400.00 Pixels),1:0.281918,
C:\Users\janvo\Documents\MEGAsync\papers\bachelor thesis\Bachelor-Thesis\obrazky\obrazky_moje.dwg,Model,18.05.2018 19:35:11,janvo,PublishToWeb PNG.pc3,User 1 (3600.00 x 2400.00 Pixels),1:0.281918,
C:\Users\janvo\Documents\MEGAsync\papers\bachelor thesis\Bachelor-Thesis\obrazky\obrazky_moje.dwg,Model,18.05.2018 21:23:47,janvo,PublishToWeb PNG.pc3,User 1 (3600.00 x 2400.00 Pixels),1:0.357734,
C:\Users\janvo\Documents\MEGAsync\papers\bachelor thesis\Bachelor-Thesis\obrazky\obrazky_moje.dwg,Model,18.05.2018 21:36:35,janvo,PublishToWeb PNG.pc3,User 1 (2400.00 x 3400.00 Pixels),1:0.339698,
C:\Users\janvo\Documents\MEGAsync\papers\bachelor thesis\Bachelor-Thesis\obrazky\obrazky_moje.dwg,Model,19.05.2018 0:33:11,janvo,PublishToWeb PNG.pc3,User 1 (2400.00 x 3400.00 Pixels),1:0.339698,
C:\Users\janvo\Documents\MEGAsync\papers\bachelor thesis\Bachelor-Thesis\obrazky\obrazky_moje.dwg,Model,19.05.2018 0:34:10,janvo,PublishToWeb PNG.pc3,User 1 (2400.00 x 3400.00 Pixels),1:0.339698,
